2025-12-31T22:15:12.9778449Z,Updating submodules.,6e598060-455f-42d8-9b1a-fa76448da2af,0
2025-12-31T22:15:14.0869969Z,Preparing deployment for commit id '09ce61ff-d'.,7fd0953b-6db0-48c4-9db3-deb733b5c3c5,0
2025-12-31T22:15:14.4932368Z,PreDeployment: context.CleanOutputPath False,e09809b5-2bf8-4d29-b6cf-b64a2d7ff32b,0
2025-12-31T22:15:14.6272489Z,PreDeployment: context.OutputPath /home/site/wwwroot,53d32f09-b12e-46f4-9759-8dae002b9df8,0
2025-12-31T22:15:14.8032137Z,Running build. Project type: OneDeploy,ecc3119c-4caa-4e41-96bd-ee3e80e6ecd3,0
2025-12-31T22:15:14.9469156Z,Copying the manifest,2d793615-a6fa-4e33-b6e8-afb71de68638,0
2025-12-31T22:15:15.1323665Z,NodeProjectOptimizer Initialized with repository path: /tmp/zipdeploy/extracted and output path: /home/site/wwwroot ,d4f7e2f7-7af5-474f-9749-e9f1ca866e75,0
2025-12-31T22:15:15.2821749Z,Optimizing build...,b49ff829-c337-48bb-99a2-d2dfa50952de,0
2025-12-31T22:15:15.4148444Z,Zipping node_modules...,4721b6fd-f026-45b8-9674-dfa8e736f9f6,0
	2025-12-31T22:15:15.4226362Z,Command: /opt/Kudu/Scripts/absoluteTar.sh /tmp/zipdeploy/extracted/node_modules /tmp/zipdeploy/extracted/node_modules.tar.gz,,0
	2025-12-31T22:15:37.1212105Z,Zipped /tmp/zipdeploy/extracted/node_modules to /tmp/zipdeploy/extracted/node_modules.tar.gz done successfully,,0
2025-12-31T22:15:37.2894658Z,Zipped Node Modules to /tmp/zipdeploy/extracted/node_modules.tar.gz,cf4d512b-ff8b-48f4-b290-fc24de19712c,0
2025-12-31T22:15:37.4226247Z,Express Node Deploy: Running rsync...,23b5c692-7807-4b03-9c1f-fed6d294650e,0
	2025-12-31T22:15:37.4344422Z,Command: /opt/Kudu/Scripts/parallel_rsync.sh /tmp/zipdeploy/extracted /home/site/wwwroot 8 /tmp/ False False node_modules ,,0
	2025-12-31T22:15:37.5368510Z,Run rsync from: /tmp/zipdeploy/extracted/ to: /home/site/wwwroot/ in 8 parallel threads,,0
	2025-12-31T22:15:37.5455568Z,Delete options: clean=False&comma; use manifest=False&comma; directory to ignore=node_modules,,0
	2025-12-31T22:15:37.5599791Z,Prev manifest = /home/site/deployments/8e8944cf-a99e-42cb-b1fd-90cf7a4cf3b8/manifest and next /home/site/deployments/09ce61ff-db03-4ff4-b074-3a0479196db1/manifest,,0
	2025-12-31T22:15:37.5736934Z,Cleaning up /tmp//filelist.txt and /tmp//splits,,0
	2025-12-31T22:15:37.5925142Z,Creating a list of all files at /tmp//filelist.txt,,0
	2025-12-31T22:15:37.6153984Z,Excluding: node_modules,,0
	2025-12-31T22:15:37.6254920Z,Created /tmp//filelist.txt. Total number of files to be synced = 146.,,0
	2025-12-31T22:15:37.6396250Z,Created batches from the list of files. Processing 19 files in each thread,,0
	2025-12-31T22:15:37.6621560Z,Running rsync for filelist /tmp//splits/split.aa from /tmp/zipdeploy/extracted/ to /home/site/wwwroot/,,0
	2025-12-31T22:15:37.6726635Z,Running rsync for filelist /tmp//splits/split.ab from /tmp/zipdeploy/extracted/ to /home/site/wwwroot/,,0
	2025-12-31T22:15:37.6846744Z,Running rsync for filelist /tmp//splits/split.ac from /tmp/zipdeploy/extracted/ to /home/site/wwwroot/,,0
	2025-12-31T22:15:37.6966647Z,Running rsync for filelist /tmp//splits/split.ad from /tmp/zipdeploy/extracted/ to /home/site/wwwroot/,,0
	2025-12-31T22:15:37.7114209Z,Running rsync for filelist /tmp//splits/split.ae from /tmp/zipdeploy/extracted/ to /home/site/wwwroot/,,0
	2025-12-31T22:15:37.7492256Z,Running rsync for filelist /tmp//splits/split.af from /tmp/zipdeploy/extracted/ to /home/site/wwwroot/,,0
	2025-12-31T22:15:37.7652735Z,Running rsync for filelist /tmp//splits/split.ag from /tmp/zipdeploy/extracted/ to /home/site/wwwroot/,,0
	2025-12-31T22:15:37.7775963Z,Running rsync for filelist /tmp//splits/split.ah from /tmp/zipdeploy/extracted/ to /home/site/wwwroot/,,0
	2025-12-31T22:15:40.2310916Z,,,0
	2025-12-31T22:15:40.3019840Z,Number of files: 21 (reg: 19&comma; dir: 2),,0
	2025-12-31T22:15:40.3293214Z,Number of created files: 0,,0
	2025-12-31T22:15:40.3588361Z,Number of deleted files: 0,,0
	2025-12-31T22:15:40.3836298Z,Number of regular files transferred: 19,,0
	2025-12-31T22:15:40.4043540Z,Total file size: 27.44K bytes,,0
	2025-12-31T22:15:40.4220517Z,Total transferred file size: 27.44K bytes,,0
	2025-12-31T22:15:40.4334950Z,Literal data: 27.44K bytes,,0
	2025-12-31T22:15:40.5424015Z,Matched data: 0 bytes,,0
	2025-12-31T22:15:40.5667557Z,File list size: 0,,0
	2025-12-31T22:15:40.5837076Z,File list generation time: 0.004 seconds,,0
	2025-12-31T22:15:40.6344219Z,File list transfer time: 0.000 seconds,,0
	2025-12-31T22:15:40.6636348Z,Total bytes sent: 6.68K,,0
	2025-12-31T22:15:40.6895977Z,Total bytes received: 383,,0
	2025-12-31T22:15:40.7526325Z,,,0
	2025-12-31T22:15:40.7975604Z,sent 6.68K bytes  received 383 bytes  2.02K bytes/sec,,0
	2025-12-31T22:15:40.8060538Z,total size is 27.44K  speedup is 3.89,,0
	2025-12-31T22:15:40.8239576Z,Attempt 1: Rsync for filelist /tmp//splits/split.ae completed with exit code 0,,0
	2025-12-31T22:15:40.8547642Z,,,0
	2025-12-31T22:15:40.8707926Z,Number of files: 23 (reg: 19&comma; dir: 4),,0
	2025-12-31T22:15:40.8797331Z,Number of created files: 0,,0
	2025-12-31T22:15:40.8878204Z,Number of deleted files: 0,,0
	2025-12-31T22:15:40.8970345Z,Number of regular files transferred: 19,,0
	2025-12-31T22:15:40.9051115Z,Total file size: 29.01K bytes,,0
	2025-12-31T22:15:40.9136172Z,Total transferred file size: 29.01K bytes,,0
	2025-12-31T22:15:40.9242224Z,Literal data: 29.01K bytes,,0
	2025-12-31T22:15:40.9400179Z,Matched data: 0 bytes,,0
	2025-12-31T22:15:40.9530406Z,File list size: 0,,0
	2025-12-31T22:15:40.9621946Z,File list generation time: 0.045 seconds,,0
	2025-12-31T22:15:40.9713003Z,File list transfer time: 0.000 seconds,,0
	2025-12-31T22:15:40.9831194Z,Total bytes sent: 9.79K,,0
	2025-12-31T22:15:40.9994907Z,Total bytes received: 389,,0
	2025-12-31T22:15:41.0081712Z,,,0
	2025-12-31T22:15:41.0172453Z,sent 9.79K bytes  received 389 bytes  2.91K bytes/sec,,0
	2025-12-31T22:15:41.0282625Z,total size is 29.01K  speedup is 2.85,,0
	2025-12-31T22:15:41.0439792Z,Attempt 1: Rsync for filelist /tmp//splits/split.ad completed with exit code 0,,0
	2025-12-31T22:15:41.0519375Z,,,0
	2025-12-31T22:15:41.0636263Z,Number of files: 21 (reg: 19&comma; dir: 2),,0
	2025-12-31T22:15:41.0787847Z,Number of created files: 0,,0
	2025-12-31T22:15:41.0886808Z,Number of deleted files: 0,,0
	2025-12-31T22:15:41.1008801Z,Number of regular files transferred: 19,,0
	2025-12-31T22:15:41.1106652Z,Total file size: 301.66K bytes,,0
	2025-12-31T22:15:41.1206023Z,Total transferred file size: 301.66K bytes,,0
	2025-12-31T22:15:41.1328066Z,Literal data: 301.66K bytes,,0
	2025-12-31T22:15:41.1403711Z,Matched data: 0 bytes,,0
	2025-12-31T22:15:41.1538067Z,File list size: 0,,0
	2025-12-31T22:15:41.1655586Z,File list generation time: 0.003 seconds,,0
	2025-12-31T22:15:41.1728490Z,File list transfer time: 0.000 seconds,,0
	2025-12-31T22:15:41.1819151Z,Total bytes sent: 74.25K,,0
	2025-12-31T22:15:41.1924073Z,Total bytes received: 383,,0
	2025-12-31T22:15:41.2016995Z,,,0
	2025-12-31T22:15:41.2096100Z,sent 74.25K bytes  received 383 bytes  21.32K bytes/sec,,0
	2025-12-31T22:15:41.2234030Z,total size is 301.66K  speedup is 4.04,,0
	2025-12-31T22:15:41.2319862Z,Attempt 1: Rsync for filelist /tmp//splits/split.aa completed with exit code 0,,0
	2025-12-31T22:15:41.2392566Z,,,0
	2025-12-31T22:15:41.2547878Z,Number of files: 23 (reg: 19&comma; dir: 4),,0
	2025-12-31T22:15:41.2651115Z,Number of created files: 0,,0
	2025-12-31T22:15:41.2730521Z,Number of deleted files: 0,,0
	2025-12-31T22:15:41.2819910Z,Number of regular files transferred: 19,,0
	2025-12-31T22:15:41.3008631Z,Total file size: 86.92K bytes,,0
	2025-12-31T22:15:41.3111908Z,Total transferred file size: 86.92K bytes,,0
	2025-12-31T22:15:41.3184355Z,Literal data: 86.92K bytes,,0
	2025-12-31T22:15:41.3264933Z,Matched data: 0 bytes,,0
	2025-12-31T22:15:41.3358887Z,File list size: 0,,0
	2025-12-31T22:15:41.3448137Z,File list generation time: 0.048 seconds,,0
	2025-12-31T22:15:41.3562109Z,File list transfer time: 0.000 seconds,,0
	2025-12-31T22:15:41.3681695Z,Total bytes sent: 20.80K,,0
	2025-12-31T22:15:41.3854229Z,Total bytes received: 389,,0
	2025-12-31T22:15:41.3956698Z,,,0
	2025-12-31T22:15:41.4068009Z,sent 20.80K bytes  received 389 bytes  6.05K bytes/sec,,0
	2025-12-31T22:15:41.4152461Z,total size is 86.92K  speedup is 4.10,,0
	2025-12-31T22:15:41.4254754Z,Attempt 1: Rsync for filelist /tmp//splits/split.af completed with exit code 0,,0
	2025-12-31T22:15:41.4329865Z,,,0
	2025-12-31T22:15:41.4471438Z,Number of files: 22 (reg: 19&comma; dir: 3),,0
	2025-12-31T22:15:41.4614697Z,Number of created files: 0,,0
	2025-12-31T22:15:41.4717779Z,Number of deleted files: 0,,0
	2025-12-31T22:15:41.4930093Z,Number of regular files transferred: 19,,0
	2025-12-31T22:15:41.5066725Z,Total file size: 20.27K bytes,,0
	2025-12-31T22:15:41.5205674Z,Total transferred file size: 20.27K bytes,,0
	2025-12-31T22:15:41.5347136Z,Literal data: 20.27K bytes,,0
	2025-12-31T22:15:41.5443385Z,Matched data: 0 bytes,,0
	2025-12-31T22:15:41.5589905Z,File list size: 0,,0
	2025-12-31T22:15:41.5705843Z,File list generation time: 0.058 seconds,,0
	2025-12-31T22:15:41.5815623Z,File list transfer time: 0.000 seconds,,0
	2025-12-31T22:15:41.5967960Z,Total bytes sent: 6.50K,,0
	2025-12-31T22:15:41.6077466Z,Total bytes received: 386,,0
	2025-12-31T22:15:41.6165667Z,,,0
	2025-12-31T22:15:41.6255570Z,sent 6.50K bytes  received 386 bytes  1.97K bytes/sec,,0
	2025-12-31T22:15:41.6356814Z,total size is 20.27K  speedup is 2.94,,0
	2025-12-31T22:15:41.6456648Z,,,0
	2025-12-31T22:15:41.6548338Z,Number of files: 21 (reg: 19&comma; dir: 2),,0
	2025-12-31T22:15:41.6670100Z,Number of created files: 0,,0
	2025-12-31T22:15:41.6799160Z,Number of deleted files: 0,,0
	2025-12-31T22:15:41.6912454Z,Number of regular files transferred: 19,,0
	2025-12-31T22:15:41.7016577Z,Total file size: 165.98K bytes,,0
	2025-12-31T22:15:41.7100264Z,Total transferred file size: 165.98K bytes,,0
	2025-12-31T22:15:41.7258918Z,Literal data: 165.98K bytes,,0
	2025-12-31T22:15:41.7358067Z,Matched data: 0 bytes,,0
	2025-12-31T22:15:41.7455793Z,File list size: 0,,0
	2025-12-31T22:15:41.7593443Z,File list generation time: 0.003 seconds,,0
	2025-12-31T22:15:41.7678241Z,File list transfer time: 0.000 seconds,,0
	2025-12-31T22:15:41.7786543Z,Total bytes sent: 33.13K,,0
	2025-12-31T22:15:41.7869592Z,Total bytes received: 383,,0
	2025-12-31T22:15:41.7967973Z,,,0
	2025-12-31T22:15:41.8417847Z,sent 33.13K bytes  received 383 bytes  9.57K bytes/sec,,0
	2025-12-31T22:15:41.8643220Z,total size is 165.98K  speedup is 4.95,,0
	2025-12-31T22:15:41.8724387Z,Attempt 1: Rsync for filelist /tmp//splits/split.ac completed with exit code 0,,0
	2025-12-31T22:15:41.8812185Z,Attempt 1: Rsync for filelist /tmp//splits/split.ag completed with exit code 0,,0
	2025-12-31T22:15:41.8903996Z,,,0
	2025-12-31T22:15:41.9050661Z,Number of files: 25 (reg: 19&comma; dir: 6),,0
	2025-12-31T22:15:41.9133603Z,Number of created files: 0,,0
	2025-12-31T22:15:41.9253551Z,Number of deleted files: 0,,0
	2025-12-31T22:15:41.9361460Z,Number of regular files transferred: 19,,0
	2025-12-31T22:15:41.9477223Z,Total file size: 18.38K bytes,,0
	2025-12-31T22:15:41.9661158Z,Total transferred file size: 18.38K bytes,,0
	2025-12-31T22:15:41.9971415Z,Literal data: 18.38K bytes,,0
	2025-12-31T22:15:42.0129832Z,Matched data: 0 bytes,,0
	2025-12-31T22:15:42.0293705Z,File list size: 0,,0
	2025-12-31T22:15:42.0481815Z,File list generation time: 0.048 seconds,,0
	2025-12-31T22:15:42.0724546Z,File list transfer time: 0.000 seconds,,0
	2025-12-31T22:15:42.0928502Z,Total bytes sent: 6.62K,,0
	2025-12-31T22:15:42.1034324Z,Total bytes received: 392,,0
	2025-12-31T22:15:42.1166127Z,,,0
	2025-12-31T22:15:42.1337971Z,sent 6.62K bytes  received 392 bytes  2.00K bytes/sec,,0
	2025-12-31T22:15:42.1516693Z,total size is 18.38K  speedup is 2.62,,0
	2025-12-31T22:15:42.1764019Z,Attempt 1: Rsync for filelist /tmp//splits/split.ab completed with exit code 0,,0
	2025-12-31T22:15:42.1921836Z,,,0
	2025-12-31T22:15:42.2089075Z,Number of files: 17 (reg: 13&comma; dir: 4),,0
	2025-12-31T22:15:42.2220914Z,Number of created files: 1 (reg: 1),,0
	2025-12-31T22:15:42.2587928Z,Number of deleted files: 0,,0
	2025-12-31T22:15:42.2746721Z,Number of regular files transferred: 13,,0
	2025-12-31T22:15:42.3029624Z,Total file size: 44.84M bytes,,0
	2025-12-31T22:15:42.3134170Z,Total transferred file size: 44.84M bytes,,0
	2025-12-31T22:15:42.3216003Z,Literal data: 44.84M bytes,,0
	2025-12-31T22:15:42.3342665Z,Matched data: 0 bytes,,0
	2025-12-31T22:15:42.3668062Z,File list size: 0,,0
	2025-12-31T22:15:42.3765962Z,File list generation time: 0.032 seconds,,0
	2025-12-31T22:15:42.3884992Z,File list transfer time: 0.000 seconds,,0
	2025-12-31T22:15:42.4091895Z,Total bytes sent: 44.10M,,0
	2025-12-31T22:15:42.4369192Z,Total bytes received: 275,,0
	2025-12-31T22:15:42.4486937Z,,,0
	2025-12-31T22:15:42.4684505Z,sent 44.10M bytes  received 275 bytes  12.60M bytes/sec,,0
	2025-12-31T22:15:42.4869580Z,total size is 44.84M  speedup is 1.02,,0
	2025-12-31T22:15:42.5166423Z,Attempt 1: Rsync for filelist /tmp//splits/split.ah completed with exit code 0,,0
	2025-12-31T22:15:42.5273670Z,Completed successfully in 3 seconds,,0
2025-12-31T22:15:43.3807840Z,Rsync completed to /home/site/wwwroot,5237c599-5e60-4011-9f03-98b50d4dbcb7,0
2025-12-31T22:15:43.5783673Z,Manifest created at /home/site/wwwroot,0dea6a2f-5ec3-49b2-b36b-c33b2463a594,0
2025-12-31T22:15:43.7209703Z,Optimized build done with success: True,0254716a-1c17-49cd-877c-f125c736f890,0
2025-12-31T22:15:43.9131424Z,Build completed succesfully.,b6a20bbc-abc7-4e26-ad60-e5a629ce38a9,0
2025-12-31T22:15:44.0607526Z,Running post deployment command(s)...,85422370-a8bb-4900-9e2b-be0fe1ca343d,0
2025-12-31T22:15:44.2533585Z,Triggering container recycle for OneDeploy by adding/updating restartTrigger.txt to the site root path,bf6af5e2-16a4-4034-ac30-0e52487682c9,0
2025-12-31T22:15:44.4687268Z,Deployment successful. deployer = OneDeploy deploymentPath = OneDeploy,e9095077-0928-43ed-b8a8-66918090df22,0
