2026-01-01T08:56:27.9077295Z,Updating submodules.,93e23b6e-5ea6-4189-88d7-20d3e8b82bcd,0
2026-01-01T08:56:29.0825749Z,Preparing deployment for commit id '5ae6d465-7'.,9678ccdb-6606-4536-a3d6-44aadc1cf2a4,0
2026-01-01T08:56:29.4689182Z,PreDeployment: context.CleanOutputPath False,27f313b4-928b-4c3a-9288-2fc9ae792bb7,0
2026-01-01T08:56:29.6142857Z,PreDeployment: context.OutputPath /home/site/wwwroot,80344518-6540-4e34-b859-a706ea8dd718,0
2026-01-01T08:56:29.7740307Z,Running build. Project type: OneDeploy,a1e268fb-c3dc-44ee-abb7-30ff036b8c84,0
2026-01-01T08:56:30.0021873Z,Copying the manifest,c10fe2ae-cc6a-4a88-9b17-700034d18ab8,0
2026-01-01T08:56:30.2246663Z,NodeProjectOptimizer Initialized with repository path: /tmp/zipdeploy/extracted and output path: /home/site/wwwroot ,bf0fc391-61fa-4536-baa4-ab7393cad266,0
2026-01-01T08:56:30.6539878Z,Optimizing build...,ad335710-f8c1-4275-a91f-9f5624623c76,0
2026-01-01T08:56:30.7843744Z,Zipping node_modules...,5d96ad74-5bb3-43f4-9f3d-e2f69a149e76,0
	2026-01-01T08:56:30.7924224Z,Command: /opt/Kudu/Scripts/absoluteTar.sh /tmp/zipdeploy/extracted/node_modules /tmp/zipdeploy/extracted/node_modules.tar.gz,,0
	2026-01-01T08:57:03.1459884Z,Zipped /tmp/zipdeploy/extracted/node_modules to /tmp/zipdeploy/extracted/node_modules.tar.gz done successfully,,0
2026-01-01T08:57:03.3038249Z,Zipped Node Modules to /tmp/zipdeploy/extracted/node_modules.tar.gz,255cd8b6-d5bb-4e6a-ba4d-561eca2bb920,0
2026-01-01T08:57:03.4378632Z,Express Node Deploy: Running rsync...,471781ac-ae14-4170-b509-022ac2a567a1,0
	2026-01-01T08:57:03.4503688Z,Command: /opt/Kudu/Scripts/parallel_rsync.sh /tmp/zipdeploy/extracted /home/site/wwwroot 8 /tmp/ False False node_modules ,,0
	2026-01-01T08:57:03.5113375Z,Run rsync from: /tmp/zipdeploy/extracted/ to: /home/site/wwwroot/ in 8 parallel threads,,0
	2026-01-01T08:57:03.5239608Z,Delete options: clean=False&comma; use manifest=False&comma; directory to ignore=node_modules,,0
	2026-01-01T08:57:03.5369123Z,Prev manifest = /home/site/deployments/737bc8d3-da1b-4603-990b-2acaa693451f/manifest and next /home/site/deployments/5ae6d465-7b7a-4c9d-bf9c-532d9afe275c/manifest,,0
	2026-01-01T08:57:03.5520054Z,Cleaning up /tmp//filelist.txt and /tmp//splits,,0
	2026-01-01T08:57:03.5658506Z,Creating a list of all files at /tmp//filelist.txt,,0
	2026-01-01T08:57:03.5835152Z,Excluding: node_modules,,0
	2026-01-01T08:57:03.5990490Z,Created /tmp//filelist.txt. Total number of files to be synced = 146.,,0
	2026-01-01T08:57:03.6205862Z,Created batches from the list of files. Processing 19 files in each thread,,0
	2026-01-01T08:57:03.6549897Z,Running rsync for filelist /tmp//splits/split.aa from /tmp/zipdeploy/extracted/ to /home/site/wwwroot/,,0
	2026-01-01T08:57:03.6720179Z,Running rsync for filelist /tmp//splits/split.ac from /tmp/zipdeploy/extracted/ to /home/site/wwwroot/,,0
	2026-01-01T08:57:03.6846240Z,Running rsync for filelist /tmp//splits/split.ab from /tmp/zipdeploy/extracted/ to /home/site/wwwroot/,,0
	2026-01-01T08:57:03.7036233Z,Running rsync for filelist /tmp//splits/split.ad from /tmp/zipdeploy/extracted/ to /home/site/wwwroot/,,0
	2026-01-01T08:57:03.7274373Z,Running rsync for filelist /tmp//splits/split.ae from /tmp/zipdeploy/extracted/ to /home/site/wwwroot/,,0
	2026-01-01T08:57:03.7426939Z,Running rsync for filelist /tmp//splits/split.ag from /tmp/zipdeploy/extracted/ to /home/site/wwwroot/,,0
	2026-01-01T08:57:03.7790720Z,Running rsync for filelist /tmp//splits/split.ah from /tmp/zipdeploy/extracted/ to /home/site/wwwroot/,,0
	2026-01-01T08:57:03.7971089Z,Running rsync for filelist /tmp//splits/split.af from /tmp/zipdeploy/extracted/ to /home/site/wwwroot/,,0
	2026-01-01T08:57:06.0126953Z,,,0
	2026-01-01T08:57:06.0671889Z,Number of files: 21 (reg: 19&comma; dir: 2),,0
	2026-01-01T08:57:06.0906167Z,Number of created files: 0,,0
	2026-01-01T08:57:06.1441512Z,Number of deleted files: 0,,0
	2026-01-01T08:57:06.1795693Z,Number of regular files transferred: 19,,0
	2026-01-01T08:57:06.2006436Z,Total file size: 27.44K bytes,,0
	2026-01-01T08:57:06.2312485Z,Total transferred file size: 27.44K bytes,,0
	2026-01-01T08:57:06.2748845Z,Literal data: 27.44K bytes,,0
	2026-01-01T08:57:06.3050401Z,Matched data: 0 bytes,,0
	2026-01-01T08:57:06.3374527Z,File list size: 0,,0
	2026-01-01T08:57:06.3603808Z,File list generation time: 0.009 seconds,,0
	2026-01-01T08:57:06.4019384Z,File list transfer time: 0.000 seconds,,0
	2026-01-01T08:57:06.4642705Z,Total bytes sent: 6.66K,,0
	2026-01-01T08:57:06.4828572Z,Total bytes received: 383,,0
	2026-01-01T08:57:06.5233155Z,,,0
	2026-01-01T08:57:06.5369204Z,sent 6.66K bytes  received 383 bytes  2.82K bytes/sec,,0
	2026-01-01T08:57:06.5529508Z,total size is 27.44K  speedup is 3.89,,0
	2026-01-01T08:57:06.5658205Z,Attempt 1: Rsync for filelist /tmp//splits/split.ae completed with exit code 0,,0
	2026-01-01T08:57:06.5746012Z,,,0
	2026-01-01T08:57:06.5879575Z,Number of files: 23 (reg: 19&comma; dir: 4),,0
	2026-01-01T08:57:06.5998536Z,Number of created files: 0,,0
	2026-01-01T08:57:06.6370494Z,Number of deleted files: 0,,0
	2026-01-01T08:57:06.6820909Z,Number of regular files transferred: 19,,0
	2026-01-01T08:57:06.7027457Z,Total file size: 30.56K bytes,,0
	2026-01-01T08:57:06.7291194Z,Total transferred file size: 30.56K bytes,,0
	2026-01-01T08:57:06.7494152Z,Literal data: 30.56K bytes,,0
	2026-01-01T08:57:06.7989576Z,Matched data: 0 bytes,,0
	2026-01-01T08:57:06.8317255Z,File list size: 0,,0
	2026-01-01T08:57:06.8655762Z,File list generation time: 0.021 seconds,,0
	2026-01-01T08:57:06.9123441Z,File list transfer time: 0.000 seconds,,0
	2026-01-01T08:57:06.9633517Z,Total bytes sent: 10.21K,,0
	2026-01-01T08:57:06.9908605Z,Total bytes received: 389,,0
	2026-01-01T08:57:07.0383139Z,,,0
	2026-01-01T08:57:07.0776902Z,sent 10.21K bytes  received 389 bytes  3.03K bytes/sec,,0
	2026-01-01T08:57:07.1124754Z,total size is 30.56K  speedup is 2.88,,0
	2026-01-01T08:57:07.1291546Z,Attempt 1: Rsync for filelist /tmp//splits/split.ad completed with exit code 0,,0
	2026-01-01T08:57:07.1680780Z,,,0
	2026-01-01T08:57:07.1789495Z,Number of files: 21 (reg: 19&comma; dir: 2),,0
	2026-01-01T08:57:07.1918013Z,Number of created files: 0,,0
	2026-01-01T08:57:07.2021321Z,Number of deleted files: 0,,0
	2026-01-01T08:57:07.2178656Z,Number of regular files transferred: 19,,0
	2026-01-01T08:57:07.2358606Z,Total file size: 301.66K bytes,,0
	2026-01-01T08:57:07.2657434Z,Total transferred file size: 301.66K bytes,,0
	2026-01-01T08:57:07.2762601Z,Literal data: 301.66K bytes,,0
	2026-01-01T08:57:07.2935740Z,Matched data: 0 bytes,,0
	2026-01-01T08:57:07.3085908Z,File list size: 0,,0
	2026-01-01T08:57:07.3185708Z,File list generation time: 0.023 seconds,,0
	2026-01-01T08:57:07.3416241Z,File list transfer time: 0.000 seconds,,0
	2026-01-01T08:57:07.3650904Z,Total bytes sent: 74.23K,,0
	2026-01-01T08:57:07.4052306Z,Total bytes received: 383,,0
	2026-01-01T08:57:07.4146146Z,,,0
	2026-01-01T08:57:07.4803677Z,sent 74.23K bytes  received 383 bytes  21.32K bytes/sec,,0
	2026-01-01T08:57:07.5318839Z,total size is 301.66K  speedup is 4.04,,0
	2026-01-01T08:57:07.5431965Z,Attempt 1: Rsync for filelist /tmp//splits/split.aa completed with exit code 0,,0
	2026-01-01T08:57:07.5573963Z,,,0
	2026-01-01T08:57:07.5927366Z,Number of files: 23 (reg: 19&comma; dir: 4),,0
	2026-01-01T08:57:07.6057636Z,Number of created files: 0,,0
	2026-01-01T08:57:07.6192667Z,Number of deleted files: 0,,0
	2026-01-01T08:57:07.6587010Z,Number of regular files transferred: 19,,0
	2026-01-01T08:57:07.6752536Z,Total file size: 86.92K bytes,,0
	2026-01-01T08:57:07.7074765Z,Total transferred file size: 86.92K bytes,,0
	2026-01-01T08:57:07.7204779Z,Literal data: 86.92K bytes,,0
	2026-01-01T08:57:07.7423504Z,Matched data: 0 bytes,,0
	2026-01-01T08:57:07.7824490Z,File list size: 0,,0
	2026-01-01T08:57:07.8004156Z,File list generation time: 0.011 seconds,,0
	2026-01-01T08:57:07.8212442Z,File list transfer time: 0.000 seconds,,0
	2026-01-01T08:57:07.8340345Z,Total bytes sent: 20.79K,,0
	2026-01-01T08:57:07.8484846Z,Total bytes received: 389,,0
	2026-01-01T08:57:07.8663968Z,,,0
	2026-01-01T08:57:07.8857479Z,sent 20.79K bytes  received 389 bytes  6.05K bytes/sec,,0
	2026-01-01T08:57:07.8959345Z,total size is 86.92K  speedup is 4.10,,0
	2026-01-01T08:57:07.9112787Z,Attempt 1: Rsync for filelist /tmp//splits/split.af completed with exit code 0,,0
	2026-01-01T08:57:07.9378559Z,,,0
	2026-01-01T08:57:07.9805380Z,Number of files: 17 (reg: 13&comma; dir: 4),,0
	2026-01-01T08:57:08.0102766Z,Number of created files: 1 (reg: 1),,0
	2026-01-01T08:57:08.0348136Z,Number of deleted files: 0,,0
	2026-01-01T08:57:08.0531998Z,Number of regular files transferred: 13,,0
	2026-01-01T08:57:08.0739418Z,Total file size: 44.84M bytes,,0
	2026-01-01T08:57:08.0914965Z,Total transferred file size: 44.84M bytes,,0
	2026-01-01T08:57:08.1123680Z,Literal data: 44.84M bytes,,0
	2026-01-01T08:57:08.1250304Z,Matched data: 0 bytes,,0
	2026-01-01T08:57:08.1350659Z,File list size: 0,,0
	2026-01-01T08:57:08.1459569Z,File list generation time: 0.003 seconds,,0
	2026-01-01T08:57:08.1700393Z,File list transfer time: 0.000 seconds,,0
	2026-01-01T08:57:08.2021282Z,Total bytes sent: 44.10M,,0
	2026-01-01T08:57:08.2300029Z,Total bytes received: 275,,0
	2026-01-01T08:57:08.2416096Z,,,0
	2026-01-01T08:57:08.2668415Z,sent 44.10M bytes  received 275 bytes  12.60M bytes/sec,,0
	2026-01-01T08:57:08.3078015Z,total size is 44.84M  speedup is 1.02,,0
	2026-01-01T08:57:08.3292001Z,Attempt 1: Rsync for filelist /tmp//splits/split.ah completed with exit code 0,,0
	2026-01-01T08:57:08.3564220Z,,,0
	2026-01-01T08:57:08.3808659Z,Number of files: 22 (reg: 19&comma; dir: 3),,0
	2026-01-01T08:57:08.3931564Z,Number of created files: 0,,0
	2026-01-01T08:57:08.4345721Z,Number of deleted files: 0,,0
	2026-01-01T08:57:08.4589187Z,Number of regular files transferred: 19,,0
	2026-01-01T08:57:08.4984302Z,Total file size: 20.27K bytes,,0
	2026-01-01T08:57:08.5106563Z,Total transferred file size: 20.27K bytes,,0
	2026-01-01T08:57:08.5238394Z,Literal data: 20.27K bytes,,0
	2026-01-01T08:57:08.5348150Z,Matched data: 0 bytes,,0
	2026-01-01T08:57:08.5538145Z,File list size: 0,,0
	2026-01-01T08:57:08.5732279Z,File list generation time: 0.030 seconds,,0
	2026-01-01T08:57:08.5872038Z,File list transfer time: 0.000 seconds,,0
	2026-01-01T08:57:08.6015324Z,Total bytes sent: 6.50K,,0
	2026-01-01T08:57:08.6122431Z,Total bytes received: 386,,0
	2026-01-01T08:57:08.6238349Z,,,0
	2026-01-01T08:57:08.6363598Z,sent 6.50K bytes  received 386 bytes  1.97K bytes/sec,,0
	2026-01-01T08:57:08.6515161Z,total size is 20.27K  speedup is 2.94,,0
	2026-01-01T08:57:08.6745524Z,Attempt 1: Rsync for filelist /tmp//splits/split.ac completed with exit code 0,,0
	2026-01-01T08:57:08.6991163Z,,,0
	2026-01-01T08:57:08.7080809Z,Number of files: 21 (reg: 19&comma; dir: 2),,0
	2026-01-01T08:57:08.7178353Z,Number of created files: 0,,0
	2026-01-01T08:57:08.7343135Z,Number of deleted files: 0,,0
	2026-01-01T08:57:08.7446834Z,Number of regular files transferred: 19,,0
	2026-01-01T08:57:08.7551913Z,Total file size: 165.98K bytes,,0
	2026-01-01T08:57:08.8146002Z,Total transferred file size: 165.98K bytes,,0
	2026-01-01T08:57:08.8250567Z,Literal data: 165.98K bytes,,0
	2026-01-01T08:57:08.8380201Z,Matched data: 0 bytes,,0
	2026-01-01T08:57:08.8497403Z,File list size: 0,,0
	2026-01-01T08:57:08.8600232Z,File list generation time: 0.003 seconds,,0
	2026-01-01T08:57:08.8702037Z,File list transfer time: 0.000 seconds,,0
	2026-01-01T08:57:08.8800762Z,Total bytes sent: 33.13K,,0
	2026-01-01T08:57:08.8964296Z,Total bytes received: 383,,0
	2026-01-01T08:57:08.9074696Z,,,0
	2026-01-01T08:57:08.9169832Z,sent 33.13K bytes  received 383 bytes  9.57K bytes/sec,,0
	2026-01-01T08:57:08.9280827Z,total size is 165.98K  speedup is 4.95,,0
	2026-01-01T08:57:08.9408679Z,Attempt 1: Rsync for filelist /tmp//splits/split.ag completed with exit code 0,,0
	2026-01-01T08:57:08.9557420Z,,,0
	2026-01-01T08:57:08.9658383Z,Number of files: 25 (reg: 19&comma; dir: 6),,0
	2026-01-01T08:57:08.9774214Z,Number of created files: 0,,0
	2026-01-01T08:57:08.9927153Z,Number of deleted files: 0,,0
	2026-01-01T08:57:09.0052878Z,Number of regular files transferred: 19,,0
	2026-01-01T08:57:09.0287390Z,Total file size: 18.38K bytes,,0
	2026-01-01T08:57:09.0412607Z,Total transferred file size: 18.38K bytes,,0
	2026-01-01T08:57:09.0520978Z,Literal data: 18.38K bytes,,0
	2026-01-01T08:57:09.0700026Z,Matched data: 0 bytes,,0
	2026-01-01T08:57:09.1300535Z,File list size: 0,,0
	2026-01-01T08:57:09.1455544Z,File list generation time: 0.004 seconds,,0
	2026-01-01T08:57:09.1548097Z,File list transfer time: 0.000 seconds,,0
	2026-01-01T08:57:09.1817027Z,Total bytes sent: 6.62K,,0
	2026-01-01T08:57:09.2011583Z,Total bytes received: 392,,0
	2026-01-01T08:57:09.2114020Z,,,0
	2026-01-01T08:57:09.2227959Z,sent 6.62K bytes  received 392 bytes  2.00K bytes/sec,,0
	2026-01-01T08:57:09.2321454Z,total size is 18.38K  speedup is 2.62,,0
	2026-01-01T08:57:09.2431673Z,Attempt 1: Rsync for filelist /tmp//splits/split.ab completed with exit code 0,,0
	2026-01-01T08:57:09.2545056Z,Completed successfully in 3 seconds,,0
2026-01-01T08:57:09.4269430Z,Rsync completed to /home/site/wwwroot,a46183b1-34d7-4e3e-99da-3c164851adaa,0
2026-01-01T08:57:09.9267293Z,Manifest created at /home/site/wwwroot,d612c660-b12c-4c48-b876-cea6811258c1,0
2026-01-01T08:57:10.4227150Z,Optimized build done with success: True,d2b3fc5d-d8db-4d46-acb1-b02844c85b03,0
2026-01-01T08:57:10.9727917Z,Build completed succesfully.,6d6d58d3-a985-4743-ac51-558de6a6924e,0
2026-01-01T08:57:11.2519074Z,Running post deployment command(s)...,4d2afd61-7b08-4988-a966-2b5f7a465790,0
2026-01-01T08:57:11.5227939Z,Triggering container recycle for OneDeploy by adding/updating restartTrigger.txt to the site root path,54163dc8-b920-4da8-8e09-72c90647ac1b,0
2026-01-01T08:57:11.9531558Z,Deployment successful. deployer = OneDeploy deploymentPath = OneDeploy,bd4c406e-fee8-49a1-8998-8f911032d900,0
