2025-12-31T22:08:39.5440981Z,Updating submodules.,f60ddae5-be9b-4ede-9114-49d4b6581b08,0
2025-12-31T22:08:40.6872265Z,Preparing deployment for commit id '8e8944cf-a'.,6eb4d799-8410-4857-83f0-0e11a9dcbc03,0
2025-12-31T22:08:41.1966844Z,PreDeployment: context.CleanOutputPath False,2d1dfc89-ce0d-4ba9-bf90-3f0effe39049,0
2025-12-31T22:08:41.3417377Z,PreDeployment: context.OutputPath /home/site/wwwroot,f1ff81f8-c628-4d42-8c4b-9984c881db2a,0
2025-12-31T22:08:41.5047060Z,Running build. Project type: OneDeploy,83cfdc32-0c72-4b6e-9c7e-ea508c893a4c,0
2025-12-31T22:08:41.6403324Z,Copying the manifest,e817511c-de39-40e1-bf53-8d36e4743613,0
2025-12-31T22:08:42.7115454Z,NodeProjectOptimizer Initialized with repository path: /tmp/zipdeploy/extracted and output path: /home/site/wwwroot ,caa43a1e-0f7d-4c10-a777-6b27c7377e3e,0
2025-12-31T22:08:42.8537103Z,Optimizing build...,f4232623-8aa3-46f2-bac5-120fe9622de4,0
2025-12-31T22:08:42.9908630Z,Zipping node_modules...,96b6d6ab-04d3-4163-b4b8-83c0aa6effe4,0
	2025-12-31T22:08:42.9989012Z,Command: /opt/Kudu/Scripts/absoluteTar.sh /tmp/zipdeploy/extracted/node_modules /tmp/zipdeploy/extracted/node_modules.tar.gz,,0
	2025-12-31T22:09:15.5087618Z,Zipped /tmp/zipdeploy/extracted/node_modules to /tmp/zipdeploy/extracted/node_modules.tar.gz done successfully,,0
2025-12-31T22:09:15.8213082Z,Zipped Node Modules to /tmp/zipdeploy/extracted/node_modules.tar.gz,dcb4972f-b776-43aa-9b9a-967a299c9e2a,0
2025-12-31T22:09:15.9678460Z,Express Node Deploy: Running rsync...,b659a89f-54ad-4a0a-9925-be7c902d4e71,0
	2025-12-31T22:09:15.9754090Z,Command: /opt/Kudu/Scripts/parallel_rsync.sh /tmp/zipdeploy/extracted /home/site/wwwroot 8 /tmp/ False False node_modules ,,0
	2025-12-31T22:09:16.0784356Z,Run rsync from: /tmp/zipdeploy/extracted/ to: /home/site/wwwroot/ in 8 parallel threads,,0
	2025-12-31T22:09:16.0899360Z,Delete options: clean=False&comma; use manifest=False&comma; directory to ignore=node_modules,,0
	2025-12-31T22:09:16.1024458Z,Prev manifest = /home/site/deployments/f6d30147-7952-4d17-ae19-1c2257c7df4b/manifest and next /home/site/deployments/8e8944cf-a99e-42cb-b1fd-90cf7a4cf3b8/manifest,,0
	2025-12-31T22:09:16.1111570Z,Cleaning up /tmp//filelist.txt and /tmp//splits,,0
	2025-12-31T22:09:16.1220628Z,Creating a list of all files at /tmp//filelist.txt,,0
	2025-12-31T22:09:16.1303898Z,Excluding: node_modules,,0
	2025-12-31T22:09:16.1516876Z,Created /tmp//filelist.txt. Total number of files to be synced = 146.,,0
	2025-12-31T22:09:16.1700257Z,Created batches from the list of files. Processing 19 files in each thread,,0
	2025-12-31T22:09:16.1894456Z,Running rsync for filelist /tmp//splits/split.aa from /tmp/zipdeploy/extracted/ to /home/site/wwwroot/,,0
	2025-12-31T22:09:16.2152627Z,Running rsync for filelist /tmp//splits/split.ab from /tmp/zipdeploy/extracted/ to /home/site/wwwroot/,,0
	2025-12-31T22:09:16.2329275Z,Running rsync for filelist /tmp//splits/split.ad from /tmp/zipdeploy/extracted/ to /home/site/wwwroot/,,0
	2025-12-31T22:09:16.2498989Z,Running rsync for filelist /tmp//splits/split.ac from /tmp/zipdeploy/extracted/ to /home/site/wwwroot/,,0
	2025-12-31T22:09:16.2682963Z,Running rsync for filelist /tmp//splits/split.ae from /tmp/zipdeploy/extracted/ to /home/site/wwwroot/,,0
	2025-12-31T22:09:16.2820129Z,Running rsync for filelist /tmp//splits/split.ag from /tmp/zipdeploy/extracted/ to /home/site/wwwroot/,,0
	2025-12-31T22:09:16.3008714Z,Running rsync for filelist /tmp//splits/split.af from /tmp/zipdeploy/extracted/ to /home/site/wwwroot/,,0
	2025-12-31T22:09:16.3157114Z,Running rsync for filelist /tmp//splits/split.ah from /tmp/zipdeploy/extracted/ to /home/site/wwwroot/,,0
	2025-12-31T22:09:18.6585167Z,,,0
	2025-12-31T22:09:18.6807326Z,Number of files: 21 (reg: 19&comma; dir: 2),,0
	2025-12-31T22:09:18.7096075Z,Number of created files: 0,,0
	2025-12-31T22:09:18.7441006Z,Number of deleted files: 0,,0
	2025-12-31T22:09:18.7677574Z,Number of regular files transferred: 19,,0
	2025-12-31T22:09:18.7849401Z,Total file size: 27.44K bytes,,0
	2025-12-31T22:09:18.7986631Z,Total transferred file size: 27.44K bytes,,0
	2025-12-31T22:09:18.8280923Z,Literal data: 27.44K bytes,,0
	2025-12-31T22:09:18.8443159Z,Matched data: 0 bytes,,0
	2025-12-31T22:09:18.8589799Z,File list size: 0,,0
	2025-12-31T22:09:18.8871543Z,File list generation time: 0.014 seconds,,0
	2025-12-31T22:09:18.8981538Z,File list transfer time: 0.000 seconds,,0
	2025-12-31T22:09:18.9074709Z,Total bytes sent: 6.67K,,0
	2025-12-31T22:09:18.9282667Z,Total bytes received: 383,,0
	2025-12-31T22:09:18.9421767Z,,,0
	2025-12-31T22:09:18.9514506Z,sent 6.67K bytes  received 383 bytes  2.82K bytes/sec,,0
	2025-12-31T22:09:18.9708540Z,total size is 27.44K  speedup is 3.89,,0
	2025-12-31T22:09:18.9851316Z,Attempt 1: Rsync for filelist /tmp//splits/split.ae completed with exit code 0,,0
	2025-12-31T22:09:19.0004113Z,,,0
	2025-12-31T22:09:19.0290944Z,Number of files: 21 (reg: 19&comma; dir: 2),,0
	2025-12-31T22:09:19.0401273Z,Number of created files: 0,,0
	2025-12-31T22:09:19.0488355Z,Number of deleted files: 0,,0
	2025-12-31T22:09:19.0744792Z,Number of regular files transferred: 19,,0
	2025-12-31T22:09:19.0980978Z,Total file size: 301.66K bytes,,0
	2025-12-31T22:09:19.1267284Z,Total transferred file size: 301.66K bytes,,0
	2025-12-31T22:09:19.1514246Z,Literal data: 301.66K bytes,,0
	2025-12-31T22:09:19.1671297Z,Matched data: 0 bytes,,0
	2025-12-31T22:09:19.1819639Z,File list size: 0,,0
	2025-12-31T22:09:19.1922952Z,File list generation time: 0.004 seconds,,0
	2025-12-31T22:09:19.2027075Z,File list transfer time: 0.000 seconds,,0
	2025-12-31T22:09:19.2196840Z,Total bytes sent: 74.25K,,0
	2025-12-31T22:09:19.2298533Z,Total bytes received: 383,,0
	2025-12-31T22:09:19.2488572Z,,,0
	2025-12-31T22:09:19.2562114Z,sent 74.25K bytes  received 383 bytes  29.85K bytes/sec,,0
	2025-12-31T22:09:19.2796751Z,total size is 301.66K  speedup is 4.04,,0
	2025-12-31T22:09:19.2930584Z,Attempt 1: Rsync for filelist /tmp//splits/split.aa completed with exit code 0,,0
	2025-12-31T22:09:19.3027871Z,,,0
	2025-12-31T22:09:19.3103028Z,Number of files: 23 (reg: 19&comma; dir: 4),,0
	2025-12-31T22:09:19.3175831Z,Number of created files: 0,,0
	2025-12-31T22:09:19.3264247Z,Number of deleted files: 0,,0
	2025-12-31T22:09:19.3501538Z,Number of regular files transferred: 19,,0
	2025-12-31T22:09:19.3584997Z,Total file size: 86.92K bytes,,0
	2025-12-31T22:09:19.3738742Z,Total transferred file size: 86.92K bytes,,0
	2025-12-31T22:09:19.3836631Z,Literal data: 86.92K bytes,,0
	2025-12-31T22:09:19.4004064Z,Matched data: 0 bytes,,0
	2025-12-31T22:09:19.4122261Z,File list size: 0,,0
	2025-12-31T22:09:19.4233977Z,File list generation time: 0.013 seconds,,0
	2025-12-31T22:09:19.4345359Z,File list transfer time: 0.000 seconds,,0
	2025-12-31T22:09:19.4431871Z,Total bytes sent: 20.80K,,0
	2025-12-31T22:09:19.4520583Z,Total bytes received: 389,,0
	2025-12-31T22:09:19.4631451Z,,,0
	2025-12-31T22:09:19.4767167Z,sent 20.80K bytes  received 389 bytes  8.48K bytes/sec,,0
	2025-12-31T22:09:19.4916225Z,total size is 86.92K  speedup is 4.10,,0
	2025-12-31T22:09:19.5024518Z,Attempt 1: Rsync for filelist /tmp//splits/split.af completed with exit code 0,,0
	2025-12-31T22:09:19.5128671Z,,,0
	2025-12-31T22:09:19.5311032Z,Number of files: 23 (reg: 19&comma; dir: 4),,0
	2025-12-31T22:09:19.5462666Z,Number of created files: 0,,0
	2025-12-31T22:09:19.5625243Z,Number of deleted files: 0,,0
	2025-12-31T22:09:19.5719307Z,Number of regular files transferred: 19,,0
	2025-12-31T22:09:19.5968398Z,Total file size: 29.01K bytes,,0
	2025-12-31T22:09:19.6142780Z,Total transferred file size: 29.01K bytes,,0
	2025-12-31T22:09:19.6324494Z,Literal data: 29.01K bytes,,0
	2025-12-31T22:09:19.6518416Z,Matched data: 0 bytes,,0
	2025-12-31T22:09:19.6667353Z,File list size: 0,,0
	2025-12-31T22:09:19.6757752Z,File list generation time: 0.002 seconds,,0
	2025-12-31T22:09:19.6914257Z,File list transfer time: 0.000 seconds,,0
	2025-12-31T22:09:19.7179664Z,Total bytes sent: 9.79K,,0
	2025-12-31T22:09:19.7300772Z,Total bytes received: 389,,0
	2025-12-31T22:09:19.7482376Z,,,0
	2025-12-31T22:09:19.7583277Z,sent 9.79K bytes  received 389 bytes  4.07K bytes/sec,,0
	2025-12-31T22:09:19.7699172Z,total size is 29.01K  speedup is 2.85,,0
	2025-12-31T22:09:19.7869013Z,Attempt 1: Rsync for filelist /tmp//splits/split.ad completed with exit code 0,,0
	2025-12-31T22:09:19.7979115Z,,,0
	2025-12-31T22:09:19.8163938Z,Number of files: 21 (reg: 19&comma; dir: 2),,0
	2025-12-31T22:09:19.8280523Z,Number of created files: 0,,0
	2025-12-31T22:09:19.8491750Z,Number of deleted files: 0,,0
	2025-12-31T22:09:19.8672624Z,Number of regular files transferred: 19,,0
	2025-12-31T22:09:19.8899394Z,Total file size: 165.98K bytes,,0
	2025-12-31T22:09:19.9200581Z,Total transferred file size: 165.98K bytes,,0
	2025-12-31T22:09:19.9462663Z,Literal data: 165.98K bytes,,0
	2025-12-31T22:09:19.9570846Z,Matched data: 0 bytes,,0
	2025-12-31T22:09:19.9799257Z,File list size: 0,,0
	2025-12-31T22:09:20.0014237Z,File list generation time: 0.004 seconds,,0
	2025-12-31T22:09:20.0131576Z,File list transfer time: 0.000 seconds,,0
	2025-12-31T22:09:20.0241464Z,Total bytes sent: 33.13K,,0
	2025-12-31T22:09:20.0368615Z,Total bytes received: 383,,0
	2025-12-31T22:09:20.0578079Z,,,0
	2025-12-31T22:09:20.1176229Z,sent 33.13K bytes  received 383 bytes  9.57K bytes/sec,,0
	2025-12-31T22:09:20.1294528Z,total size is 165.98K  speedup is 4.95,,0
	2025-12-31T22:09:20.1462916Z,Attempt 1: Rsync for filelist /tmp//splits/split.ag completed with exit code 0,,0
	2025-12-31T22:09:20.1551780Z,,,0
	2025-12-31T22:09:20.1715014Z,Number of files: 25 (reg: 19&comma; dir: 6),,0
	2025-12-31T22:09:20.2037333Z,,,0
	2025-12-31T22:09:20.2156367Z,Number of files: 22 (reg: 19&comma; dir: 3),,0
	2025-12-31T22:09:20.2257679Z,Number of created files: 0,,0
	2025-12-31T22:09:20.2349796Z,Number of deleted files: 0,,0
	2025-12-31T22:09:20.2427687Z,Number of created files: 0,,0
	2025-12-31T22:09:20.2578086Z,Number of regular files transferred: 19,,0
	2025-12-31T22:09:20.2818736Z,Number of deleted files: 0,,0
	2025-12-31T22:09:20.3024956Z,Total file size: 18.38K bytes,,0
	2025-12-31T22:09:20.3182989Z,Number of regular files transferred: 19,,0
	2025-12-31T22:09:20.3324495Z,Total file size: 20.27K bytes,,0
	2025-12-31T22:09:20.3525848Z,Total transferred file size: 18.38K bytes,,0
	2025-12-31T22:09:20.3855882Z,Total transferred file size: 20.27K bytes,,0
	2025-12-31T22:09:20.4084582Z,Literal data: 18.38K bytes,,0
	2025-12-31T22:09:20.4319952Z,Literal data: 20.27K bytes,,0
	2025-12-31T22:09:20.4522718Z,Matched data: 0 bytes,,0
	2025-12-31T22:09:20.4829991Z,Matched data: 0 bytes,,0
	2025-12-31T22:09:20.4994905Z,File list size: 0,,0
	2025-12-31T22:09:20.5111949Z,File list size: 0,,0
	2025-12-31T22:09:20.5231466Z,File list generation time: 0.020 seconds,,0
	2025-12-31T22:09:20.5316483Z,File list generation time: 0.030 seconds,,0
	2025-12-31T22:09:20.5438523Z,File list transfer time: 0.000 seconds,,0
	2025-12-31T22:09:20.5580932Z,Total bytes sent: 6.50K,,0
	2025-12-31T22:09:20.5676924Z,Total bytes received: 386,,0
	2025-12-31T22:09:20.5763868Z,,,0
	2025-12-31T22:09:20.5846310Z,sent 6.50K bytes  received 386 bytes  1.97K bytes/sec,,0
	2025-12-31T22:09:20.5945711Z,total size is 20.27K  speedup is 2.94,,0
	2025-12-31T22:09:20.6057490Z,File list transfer time: 0.000 seconds,,0
	2025-12-31T22:09:20.6147355Z,Total bytes sent: 6.62K,,0
	2025-12-31T22:09:20.6221961Z,Total bytes received: 392,,0
	2025-12-31T22:09:20.6324600Z,,,0
	2025-12-31T22:09:20.6490537Z,sent 6.62K bytes  received 392 bytes  2.00K bytes/sec,,0
	2025-12-31T22:09:20.6593360Z,total size is 18.38K  speedup is 2.62,,0
	2025-12-31T22:09:20.6705931Z,Attempt 1: Rsync for filelist /tmp//splits/split.ab completed with exit code 0,,0
	2025-12-31T22:09:20.6822193Z,Attempt 1: Rsync for filelist /tmp//splits/split.ac completed with exit code 0,,0
	2025-12-31T22:09:20.7038013Z,,,0
	2025-12-31T22:09:20.7120694Z,Number of files: 17 (reg: 13&comma; dir: 4),,0
	2025-12-31T22:09:20.7238161Z,Number of created files: 1 (reg: 1),,0
	2025-12-31T22:09:20.7395372Z,Number of deleted files: 0,,0
	2025-12-31T22:09:20.7497118Z,Number of regular files transferred: 13,,0
	2025-12-31T22:09:20.7603134Z,Total file size: 44.83M bytes,,0
	2025-12-31T22:09:20.7695468Z,Total transferred file size: 44.83M bytes,,0
	2025-12-31T22:09:20.7813074Z,Literal data: 44.83M bytes,,0
	2025-12-31T22:09:20.7898060Z,Matched data: 0 bytes,,0
	2025-12-31T22:09:20.7995186Z,File list size: 0,,0
	2025-12-31T22:09:20.8116743Z,File list generation time: 0.004 seconds,,0
	2025-12-31T22:09:20.8254728Z,File list transfer time: 0.000 seconds,,0
	2025-12-31T22:09:20.8359958Z,Total bytes sent: 44.10M,,0
	2025-12-31T22:09:20.8466389Z,Total bytes received: 275,,0
	2025-12-31T22:09:20.8576773Z,,,0
	2025-12-31T22:09:20.8751446Z,sent 44.10M bytes  received 275 bytes  12.60M bytes/sec,,0
	2025-12-31T22:09:20.8867262Z,total size is 44.83M  speedup is 1.02,,0
	2025-12-31T22:09:20.8957949Z,Attempt 1: Rsync for filelist /tmp//splits/split.ah completed with exit code 0,,0
	2025-12-31T22:09:20.9049275Z,Completed successfully in 3 seconds,,0
2025-12-31T22:09:21.0411118Z,Rsync completed to /home/site/wwwroot,a110fcc3-5193-44ac-b227-e595eac9972a,0
2025-12-31T22:09:21.2117770Z,Manifest created at /home/site/wwwroot,2881c9c1-2c75-4650-bc5d-110384645252,0
2025-12-31T22:09:21.3548897Z,Optimized build done with success: True,ef972798-dfce-4ff1-8294-db11aaa5f59a,0
2025-12-31T22:09:21.4972065Z,Build completed succesfully.,69c042e8-bbd2-4c81-b985-deba307fa2e9,0
2025-12-31T22:09:21.6325541Z,Running post deployment command(s)...,afd6ebbe-ea09-4cef-8b26-b6bc45123a83,0
2025-12-31T22:09:21.7806622Z,Triggering container recycle for OneDeploy by adding/updating restartTrigger.txt to the site root path,c3a0c29f-17ad-4fcc-a604-2f98baad41c2,0
2025-12-31T22:09:21.9905733Z,Deployment successful. deployer = OneDeploy deploymentPath = OneDeploy,6dcbd565-ff5d-49c4-9700-e73a59c84e24,0
