2025-12-26T08:33:54.3580205Z Container start method called.
2025-12-26T08:33:54.3711520Z Establishing network.
2025-12-26T08:33:54.3716098Z Pulling image: appsvc/node:20-lts_20251016.4.tuxprod.
2025-12-26T08:33:55.2432386Z Container is starting.
2025-12-26T08:33:55.2435004Z Establishing user namespace if not established already.
2025-12-26T08:33:55.2437752Z Establishing network if not established already.
2025-12-26T08:33:55.2439400Z Mounting volumes.
2025-12-26T08:33:55.2477356Z Nested mountpoint 
2025-12-26T08:33:55.2641320Z Nested mountpoint volatile/logs
2025-12-26T08:33:55.2752861Z Nested mountpoint 
2025-12-26T08:33:55.2956573Z Nested mountpoint 
2025-12-26T08:33:55.2990691Z Nested mountpoint 
2025-12-26T08:33:55.4472361Z Creating container.
2025-12-26T08:33:55.4476962Z Creating pipes for streaming container io.
2025-12-26T08:33:55.4489462Z Creating stdout named pipe at /podr/container/pipe/0334c4d00f17_stalo/stdout_f619f6d3d99d4debadb7f0bad5e7e24c.
2025-12-26T08:33:55.4495134Z Successfully created stdout named pipe at: /podr/container/pipe/0334c4d00f17_stalo/stdout_f619f6d3d99d4debadb7f0bad5e7e24c.
2025-12-26T08:33:55.4517525Z Opening named pipe /podr/container/pipe/0334c4d00f17_stalo/stdout_f619f6d3d99d4debadb7f0bad5e7e24c for reading in non-blocking mode.
2025-12-26T08:33:55.4519701Z Successfully opened named pipe: /podr/container/pipe/0334c4d00f17_stalo/stdout_f619f6d3d99d4debadb7f0bad5e7e24c.
2025-12-26T08:33:55.4524749Z Successfully removed non-blocking flag from /podr/container/pipe/0334c4d00f17_stalo/stdout_f619f6d3d99d4debadb7f0bad5e7e24c.
2025-12-26T08:33:55.4526906Z Creating stderr named pipe at /podr/container/pipe/0334c4d00f17_stalo/stderr_d5414df7864e4044890b3f0b0ba68455.
2025-12-26T08:33:55.4529128Z Successfully created stderr named pipe at: /podr/container/pipe/0334c4d00f17_stalo/stderr_d5414df7864e4044890b3f0b0ba68455.
2025-12-26T08:33:55.4532364Z Opening named pipe /podr/container/pipe/0334c4d00f17_stalo/stderr_d5414df7864e4044890b3f0b0ba68455 for reading in non-blocking mode.
2025-12-26T08:33:55.4534076Z Successfully opened named pipe: /podr/container/pipe/0334c4d00f17_stalo/stderr_d5414df7864e4044890b3f0b0ba68455.
2025-12-26T08:33:55.4535599Z Successfully removed non-blocking flag from /podr/container/pipe/0334c4d00f17_stalo/stderr_d5414df7864e4044890b3f0b0ba68455.
2025-12-26T08:33:55.4551425Z Creating container with image: appsvc/node:20-lts_20251016.4.tuxprod from registry: 10.1.0.4:13209 and fully qualified image name: 10.1.0.4:13209/appsvc/node:20-lts_20251016.4.tuxprod
2025-12-26T08:33:56.0150998Z Starting container: 0334c4d00f17_stalo.
2025-12-26T08:33:56.1218383Z Starting watchers and probes.
2025-12-26T08:33:56.1690579Z Starting metrics collection.
2025-12-26T08:33:56.1752633Z Container is running.
2025-12-26T08:33:58.0580973Z Container start method finished after 3697 ms.
2025-12-26T08:34:13.5807348Z Site startup probe succeeded after 15.4759643 seconds.
2025-12-26T08:34:13.7221160Z Site is running with deployment version: a03fa457-3e5b-45f8-8ee7-e4c8ec8c470e
2025-12-26T08:34:13.7237547Z Site started.
2025-12-26T08:34:13.8990245Z Site is running with patch version NODE 20.19.5
